<?xml version="1.0" encoding="UTF-8"?>
<!-- Generated by org.testng.reporters.JUnitXMLReporter -->
<testsuite ignored="0" hostname="Akas" failures="0" tests="4" name="Default test" time="0.099" errors="0" timestamp="2022-03-28T23:56:56 IST">
  <testcase classname="com.automation.demo.test" name="test1" time="0.019"/>
  <testcase classname="com.automation.demo.AppTest" name="AppTest2" time="0.003"/>
  <testcase classname="com.automation.demo.AppTest" name="suite" time="0.001"/>
  <testcase classname="com.automation.demo.AppTest" name="testApp" time="0.005"/>
</testsuite> <!-- Default test -->
