<?xml version="1.0" encoding="UTF-8"?>
<testng-results ignored="0" total="4" passed="4" failed="0" skipped="0">
  <reporter-output>
  </reporter-output>
  <suite started-at="2022-03-28T23:56:55 IST" name="Default suite" finished-at="2022-03-28T23:56:56 IST" duration-ms="99">
    <groups>
    </groups>
    <test started-at="2022-03-28T23:56:55 IST" name="Default test" finished-at="2022-03-28T23:56:56 IST" duration-ms="99">
      <class name="com.automation.demo.AppTest">
        <test-method signature="AppTest2()[pri:0, instance:com.automation.demo.AppTest@27462a88]" started-at="2022-03-28T23:56:56 IST" name="AppTest2" finished-at="2022-03-28T23:56:56 IST" duration-ms="3" status="PASS">
          <reporter-output>
          </reporter-output>
        </test-method> <!-- AppTest2 -->
        <test-method signature="suite()[pri:0, instance:com.automation.demo.AppTest@27462a88]" started-at="2022-03-28T23:56:56 IST" name="suite" finished-at="2022-03-28T23:56:56 IST" duration-ms="1" status="PASS">
          <reporter-output>
          </reporter-output>
        </test-method> <!-- suite -->
        <test-method signature="testApp()[pri:0, instance:com.automation.demo.AppTest@27462a88]" started-at="2022-03-28T23:56:56 IST" name="testApp" finished-at="2022-03-28T23:56:56 IST" duration-ms="5" status="PASS">
          <reporter-output>
          </reporter-output>
        </test-method> <!-- testApp -->
      </class> <!-- com.automation.demo.AppTest -->
      <class name="com.automation.demo.test">
        <test-method signature="test1()[pri:0, instance:com.automation.demo.test@1de5f259]" started-at="2022-03-28T23:56:55 IST" name="test1" finished-at="2022-03-28T23:56:56 IST" duration-ms="19" status="PASS">
          <reporter-output>
          </reporter-output>
        </test-method> <!-- test1 -->
      </class> <!-- com.automation.demo.test -->
    </test> <!-- Default test -->
  </suite> <!-- Default suite -->
</testng-results>
